[INFO] Scanning for projects...
[WARNING] 
[WARNING] Some problems were encountered while building the effective model for com.academic.erp:backend:jar:0.0.1-SNAPSHOT
[WARNING] 'dependencies.dependency.(groupId:artifactId:type:classifier)' must be unique: org.springframework.boot:spring-boot-devtools:jar -> duplicate declaration of version (?) @ line 70, column 21
[WARNING] 
[WARNING] It is highly recommended to fix these problems because they threaten the stability of your build.
[WARNING] 
[WARNING] For this reason, future Maven versions might no longer support building such malformed projects.
[WARNING] 
[INFO] 
[INFO] ----------------------< com.academic.erp:backend >----------------------
[INFO] Building academic.erp 0.0.1-SNAPSHOT
[INFO]   from pom.xml
[INFO] --------------------------------[ jar ]---------------------------------
[INFO] 
[INFO] >>> spring-boot:3.2.5:run (default-cli) > test-compile @ backend >>>
[INFO] 
[INFO] --- resources:3.3.1:resources (default-resources) @ backend ---
[INFO] Copying 1 resource from src/main/resources to target/classes
[INFO] Copying 1 resource from src/main/resources to target/classes
[INFO] 
[INFO] --- compiler:3.11.0:compile (default-compile) @ backend ---
[INFO] Nothing to compile - all classes are up to date
[INFO] 
[INFO] --- resources:3.3.1:testResources (default-testResources) @ backend ---
[INFO] skip non existing resourceDirectory /home/shikhar/Sem 1/ESD Project/Temp/academic_erp-main/backend/src/test/resources
[INFO] 
[INFO] --- compiler:3.11.0:testCompile (default-testCompile) @ backend ---
[INFO] Nothing to compile - all classes are up to date
[INFO] 
[INFO] <<< spring-boot:3.2.5:run (default-cli) < test-compile @ backend <<<
[INFO] 
[INFO] 
[INFO] --- spring-boot:3.2.5:run (default-cli) @ backend ---
[INFO] Attaching agents: []

  .   ____          _            __ _ _
 /\\ / ___'_ __ _ _(_)_ __  __ _ \ \ \ \
( ( )\___ | '_ | '_| | '_ \/ _` | \ \ \ \
 \\/  ___)| |_)| | | | | || (_| |  ) ) ) )
  '  |____| .__|_| |_|_| |_\__, | / / / /
 =========|_|==============|___/=/_/_/_/
 :: Spring Boot ::                (v3.2.5)

2025-11-27T13:45:38.821+05:30  INFO 205702 --- [academic.erp] [  restartedMain] com.academic.erp.backend.Application     : Starting Application using Java 21.0.9 with PID 205702 (/home/shikhar/Sem 1/ESD Project/Temp/academic_erp-main/backend/target/classes started by shikhar in /home/shikhar/Sem 1/ESD Project/Temp/academic_erp-main/backend)
2025-11-27T13:45:38.828+05:30  INFO 205702 --- [academic.erp] [  restartedMain] com.academic.erp.backend.Application     : No active profile set, falling back to 1 default profile: "default"
2025-11-27T13:45:39.059+05:30  INFO 205702 --- [academic.erp] [  restartedMain] .e.DevToolsPropertyDefaultsPostProcessor : Devtools property defaults active! Set 'spring.devtools.add-properties' to 'false' to disable
2025-11-27T13:45:39.059+05:30  INFO 205702 --- [academic.erp] [  restartedMain] .e.DevToolsPropertyDefaultsPostProcessor : For additional web related logging consider setting the 'logging.level.web' property to 'DEBUG'
2025-11-27T13:45:41.667+05:30  INFO 205702 --- [academic.erp] [  restartedMain] .s.d.r.c.RepositoryConfigurationDelegate : Bootstrapping Spring Data JPA repositories in DEFAULT mode.
2025-11-27T13:45:41.923+05:30  INFO 205702 --- [academic.erp] [  restartedMain] .s.d.r.c.RepositoryConfigurationDelegate : Finished Spring Data repository scanning in 235 ms. Found 7 JPA repository interfaces.
2025-11-27T13:45:43.723+05:30  INFO 205702 --- [academic.erp] [  restartedMain] o.s.b.w.embedded.tomcat.TomcatWebServer  : Tomcat initialized with port 8080 (http)
2025-11-27T13:45:43.766+05:30  INFO 205702 --- [academic.erp] [  restartedMain] o.apache.catalina.core.StandardService   : Starting service [Tomcat]
2025-11-27T13:45:43.768+05:30  INFO 205702 --- [academic.erp] [  restartedMain] o.apache.catalina.core.StandardEngine    : Starting Servlet engine: [Apache Tomcat/10.1.20]
2025-11-27T13:45:44.007+05:30  INFO 205702 --- [academic.erp] [  restartedMain] o.a.c.c.C.[Tomcat].[localhost].[/]       : Initializing Spring embedded WebApplicationContext
2025-11-27T13:45:44.009+05:30  INFO 205702 --- [academic.erp] [  restartedMain] w.s.c.ServletWebServerApplicationContext : Root WebApplicationContext: initialization completed in 4946 ms
2025-11-27T13:45:44.958+05:30  INFO 205702 --- [academic.erp] [  restartedMain] o.hibernate.jpa.internal.util.LogHelper  : HHH000204: Processing PersistenceUnitInfo [name: default]
2025-11-27T13:45:45.124+05:30  INFO 205702 --- [academic.erp] [  restartedMain] org.hibernate.Version                    : HHH000412: Hibernate ORM core version 6.4.4.Final
2025-11-27T13:45:45.279+05:30  INFO 205702 --- [academic.erp] [  restartedMain] o.h.c.internal.RegionFactoryInitiator    : HHH000026: Second-level cache disabled
2025-11-27T13:45:46.018+05:30  INFO 205702 --- [academic.erp] [  restartedMain] o.s.o.j.p.SpringPersistenceUnitInfo      : No LoadTimeWeaver setup: ignoring JPA class transformer
2025-11-27T13:45:46.107+05:30  INFO 205702 --- [academic.erp] [  restartedMain] com.zaxxer.hikari.HikariDataSource       : HikariPool-1 - Starting...
2025-11-27T13:47:22.830+05:30  INFO 205702 --- [academic.erp] [  restartedMain] com.zaxxer.hikari.pool.HikariPool        : HikariPool-1 - Added connection com.mysql.cj.jdbc.ConnectionImpl@52d3a375
2025-11-27T13:47:22.925+05:30  INFO 205702 --- [academic.erp] [  restartedMain] com.zaxxer.hikari.HikariDataSource       : HikariPool-1 - Start completed.
2025-11-27T13:47:23.545+05:30  WARN 205702 --- [academic.erp] [  restartedMain] org.hibernate.orm.deprecation            : HHH90000025: MySQLDialect does not need to be specified explicitly using 'hibernate.dialect' (remove the property setting and it will be selected by default)
2025-11-27T13:47:32.358+05:30  INFO 205702 --- [academic.erp] [  restartedMain] o.h.e.t.j.p.i.JtaPlatformInitiator       : HHH000489: No JTA platform available (set 'hibernate.transaction.jta.platform' to enable JTA platform integration)
Hibernate: 
    alter table domains 
       modify column cutoff_marks DECIMAL(5,2)
Hibernate: 
    alter table placements 
       modify column minimum_grade DECIMAL(3,2)
Hibernate: 
    alter table students 
       modify column cgpa DECIMAL(3,2)
Hibernate: 
    alter table students 
       modify column exam_marks DECIMAL(5,2)
2025-11-27T13:47:38.257+05:30  INFO 205702 --- [academic.erp] [  restartedMain] j.LocalContainerEntityManagerFactoryBean : Initialized JPA EntityManagerFactory for persistence unit 'default'
2025-11-27T13:48:12.666+05:30  WARN 205702 --- [academic.erp] [  restartedMain] JpaBaseConfiguration$JpaWebConfiguration : spring.jpa.open-in-view is enabled by default. Therefore, database queries may be performed during view rendering. Explicitly configure spring.jpa.open-in-view to disable this warning
2025-11-27T13:48:13.004+05:30  INFO 205702 --- [academic.erp] [  restartedMain] o.s.s.web.DefaultSecurityFilterChain     : Will secure any request with [org.springframework.security.web.session.DisableEncodeUrlFilter@3f94dfec, org.springframework.security.web.context.request.async.WebAsyncManagerIntegrationFilter@4884efec, org.springframework.security.web.context.SecurityContextHolderFilter@7824fe9c, org.springframework.security.web.header.HeaderWriterFilter@4fddd896, org.springframework.web.filter.CorsFilter@296729d0, org.springframework.security.web.authentication.logout.LogoutFilter@52cded3b, com.academic.erp.backend.filter.JwtAuthenticationFilter@6a90e605, org.springframework.security.web.savedrequest.RequestCacheAwareFilter@4690fdf4, org.springframework.security.web.servletapi.SecurityContextHolderAwareRequestFilter@3f6943b4, org.springframework.security.web.authentication.AnonymousAuthenticationFilter@5d0d0067, org.springframework.security.web.session.SessionManagementFilter@6d690017, org.springframework.security.web.access.ExceptionTranslationFilter@533d5c7, org.springframework.security.web.access.intercept.AuthorizationFilter@41e6c022]
2025-11-27T13:48:13.313+05:30  INFO 205702 --- [academic.erp] [  restartedMain] o.s.b.w.embedded.tomcat.TomcatWebServer  : Tomcat started on port 8080 (http) with context path ''
2025-11-27T13:48:13.322+05:30  INFO 205702 --- [academic.erp] [  restartedMain] com.academic.erp.backend.Application     : Started Application in 155.716 seconds (process running for 156.697)
2025-11-27T13:48:13.328+05:30  INFO 205702 --- [academic.erp] [ionShutdownHook] j.LocalContainerEntityManagerFactoryBean : Closing JPA EntityManagerFactory for persistence unit 'default'
2025-11-27T13:48:13.331+05:30  INFO 205702 --- [academic.erp] [ionShutdownHook] com.zaxxer.hikari.HikariDataSource       : HikariPool-1 - Shutdown initiated...
2025-11-27T13:48:13.337+05:30  INFO 205702 --- [academic.erp] [ionShutdownHook] com.zaxxer.hikari.HikariDataSource       : HikariPool-1 - Shutdown completed.
